03-25-2020 22:17:00.191 INFO  dispatchRunner - Search process mode: preforked (first search in process) (build 8f0ead9ec3db).
03-25-2020 22:17:00.191 INFO  dispatchRunner - initing LicenseMgr in search process: nonPro=0
03-25-2020 22:17:00.191 INFO  LicenseMgr - Initing LicenseMgr
03-25-2020 22:17:00.192 INFO  LMConfig - serverName=usrlsplunkmstidx guid=D3EF2C1D-BF4D-4D80-BAF3-75A79C4403BD
03-25-2020 22:17:00.194 INFO  LMConfig - connection_timeout=30
03-25-2020 22:17:00.194 INFO  LMConfig - send_timeout=30
03-25-2020 22:17:00.194 INFO  LMConfig - receive_timeout=30
03-25-2020 22:17:00.194 INFO  LMConfig - squash_threshold=2000
03-25-2020 22:17:00.194 INFO  LMConfig - strict_pool_quota=1
03-25-2020 22:17:00.194 INFO  LMConfig - key=pool_suggestion not found in licenser stanza of server.conf, defaulting=''
03-25-2020 22:17:00.194 INFO  LMConfig - key=test_aws_metering not found in licenser stanza of server.conf, defaulting=0
03-25-2020 22:17:00.194 INFO  LMConfig - key=test_aws_product_code not found in licenser stanza of server.conf, defaulting=0
03-25-2020 22:17:00.194 INFO  LicenseMgr - Initing LicenseMgr runContext_splunkd=false
03-25-2020 22:17:00.194 INFO  LMStackMgr - closing stack mgr
03-25-2020 22:17:00.194 INFO  LMSlaveInfo - all slaves cleared
03-25-2020 22:17:00.194 INFO  LMStackMgr - partial init only since node has remote master=https://10.5.35.170:8089
03-25-2020 22:17:00.194 INFO  LicenseMgr - StackMgr init complete...
03-25-2020 22:17:00.194 INFO  LMTracker - Setting default product type='enterprise'
03-25-2020 22:17:00.194 INFO  LMTracker - this is not splunkd, will perform partial init
03-25-2020 22:17:00.194 INFO  LMTracker - Setting feature=Acceleration state=ENABLED (featureStatus=1)
03-25-2020 22:17:00.194 INFO  LMTracker - Setting feature=AdvancedSearchCommands state=ENABLED (featureStatus=1)
03-25-2020 22:17:00.194 INFO  LMTracker - Setting feature=AdvancedXML state=ENABLED (featureStatus=1)
03-25-2020 22:17:00.194 INFO  LMTracker - Setting feature=Alerting state=ENABLED (featureStatus=1)
03-25-2020 22:17:00.194 INFO  LMTracker - Setting feature=ArchiveToHdfs state=ENABLED (featureStatus=1)
03-25-2020 22:17:00.194 INFO  LMTracker - Setting feature=Auth state=ENABLED (featureStatus=1)
03-25-2020 22:17:00.194 INFO  LMTracker - Setting feature=CustomRoles state=ENABLED (featureStatus=1)
03-25-2020 22:17:00.194 INFO  LMTracker - Setting feature=DeployClient state=ENABLED (featureStatus=1)
03-25-2020 22:17:00.195 INFO  LMTracker - Setting feature=DeployServer state=ENABLED (featureStatus=1)
03-25-2020 22:17:00.195 INFO  LMTracker - Setting feature=DistSearch state=ENABLED (featureStatus=1)
03-25-2020 22:17:00.195 INFO  LMTracker - Setting feature=FwdData state=ENABLED (featureStatus=1)
03-25-2020 22:17:00.195 INFO  LMTracker - Setting feature=GuestPass state=ENABLED (featureStatus=1)
03-25-2020 22:17:00.195 INFO  LMTracker - Setting feature=KVStore state=ENABLED (featureStatus=1)
03-25-2020 22:17:00.195 INFO  LMTracker - Setting feature=LDAPAuth state=ENABLED (featureStatus=1)
03-25-2020 22:17:00.195 INFO  LMTracker - Setting feature=LocalSearch state=ENABLED (featureStatus=1)
03-25-2020 22:17:00.195 INFO  LMTracker - Setting feature=MultifactorAuth state=ENABLED (featureStatus=1)
03-25-2020 22:17:00.195 INFO  LMTracker - Setting feature=MultisiteClustering state=ENABLED (featureStatus=1)
03-25-2020 22:17:00.195 INFO  LMTracker - Setting feature=NontableLookups state=ENABLED (featureStatus=1)
03-25-2020 22:17:00.195 INFO  LMTracker - Setting feature=RcvData state=ENABLED (featureStatus=1)
03-25-2020 22:17:00.195 INFO  LMTracker - Setting feature=RcvSearch state=ENABLED (featureStatus=1)
03-25-2020 22:17:00.195 INFO  LMTracker - Setting feature=RollingWindowAlerts state=ENABLED (featureStatus=1)
03-25-2020 22:17:00.195 INFO  LMTracker - Setting feature=SAMLAuth state=ENABLED (featureStatus=1)
03-25-2020 22:17:00.195 INFO  LMTracker - Setting feature=ScheduledAlerts state=ENABLED (featureStatus=1)
03-25-2020 22:17:00.195 INFO  LMTracker - Setting feature=ScheduledReports state=ENABLED (featureStatus=1)
03-25-2020 22:17:00.195 INFO  LMTracker - Setting feature=ScheduledSearch state=ENABLED (featureStatus=1)
03-25-2020 22:17:00.195 INFO  LMTracker - Setting feature=ScriptedAuth state=ENABLED (featureStatus=1)
03-25-2020 22:17:00.195 INFO  LMTracker - Setting feature=SearchheadPooling state=ENABLED (featureStatus=1)
03-25-2020 22:17:00.195 INFO  LMTracker - Setting feature=SigningProcessor state=ENABLED (featureStatus=1)
03-25-2020 22:17:00.195 INFO  LMTracker - Setting feature=SplunkWeb state=ENABLED (featureStatus=1)
03-25-2020 22:17:00.195 INFO  LMTracker - Setting feature=SubgroupId state=ENABLED (featureStatus=1)
03-25-2020 22:17:00.195 INFO  LMTracker - Setting feature=SyslogOutputProcessor state=ENABLED (featureStatus=1)
03-25-2020 22:17:00.195 INFO  LMTracker - Setting feature=UnisiteClustering state=ENABLED (featureStatus=1)
03-25-2020 22:17:00.195 INFO  LicenseMgr - Tracker init complete...
03-25-2020 22:17:00.199 INFO  AdminManagerDispatch - added factory for admin handler: 'licenses'
03-25-2020 22:17:00.199 INFO  AdminManagerDispatch - added factory for admin handler: 'pools'
03-25-2020 22:17:00.200 INFO  AdminManagerDispatch - added factory for admin handler: 'stacks'
03-25-2020 22:17:00.200 INFO  AdminManagerDispatch - added factory for admin handler: 'groups'
03-25-2020 22:17:00.200 INFO  AdminManagerDispatch - added factory for admin handler: 'slaves'
03-25-2020 22:17:00.200 INFO  AdminManagerDispatch - added factory for admin handler: 'localslave'
03-25-2020 22:17:00.200 INFO  AdminManagerDispatch - added factory for admin handler: 'licensermessages'
03-25-2020 22:17:00.200 INFO  AdminManagerDispatch - added factory for admin handler: 'scriptedwarning'
03-25-2020 22:17:00.200 INFO  AdminManagerDispatch - added factory for admin handler: 'licenseusage'
03-25-2020 22:17:00.202 INFO  dispatchRunner - registering build time modules, count=1
03-25-2020 22:17:00.202 INFO  dispatchRunner - registering search time components of build time module name=vix
03-25-2020 22:17:00.202 INFO  dispatchRunner - Getting search configuration data from: /home/splunker/splunk/etc/modules/parsing/config.xml
03-25-2020 22:17:00.204 WARN  KVStoreConfigurationProvider - KV Store is not available. Its status is 'failed'.
03-25-2020 22:17:00.204 INFO  BundlesSetup - Setup stats for /home/splunker/splunk/etc: wallclock_elapsed_msec=18, cpu_time_used=0.017725, shared_services_generation=2, shared_services_population=1
03-25-2020 22:17:00.213 INFO  UserManagerPro - Load authentication: forcing roles="admin, power, splunk-system-role, user"
03-25-2020 22:17:00.215 INFO  UserManager - Setting user context: splunk-system-user
03-25-2020 22:17:00.215 INFO  UserManager - Done setting user context: NULL -> splunk-system-user
03-25-2020 22:17:00.216 INFO  dispatchRunner - search context: user="splunk-system-user", app="splunk_archiver", bs-pathname="/home/splunker/splunk/etc"
03-25-2020 22:17:00.221 INFO  dispatchRunner - Executing the Search orchestrator and iterator model.
03-25-2020 22:17:00.222 INFO  SearchOrchestrator - SearchOrchestrator getting constructed
03-25-2020 22:17:00.222 INFO  SearchOrchestrator -  Initialized the SRI
03-25-2020 22:17:00.222 INFO  ISplunkDispatch - Not running in splunkd. Bundle replication not triggered.
03-25-2020 22:17:00.226 INFO  SearchOrchestrator - Initialzing the run time settings for the orchestrator.
03-25-2020 22:17:00.227 INFO  UserManager - Setting user context: splunk-system-user
03-25-2020 22:17:00.227 INFO  UserManager - Done setting user context: NULL -> splunk-system-user
03-25-2020 22:17:00.227 INFO  SearchOrchestrator - Creating the search DAG.
03-25-2020 22:17:00.227 INFO  SearchParser - PARSING: | archivebuckets
03-25-2020 22:17:00.232 INFO  script - found script file=/home/splunker/splunk/etc/apps/splunk_archiver/bin/archivebuckets.py
03-25-2020 22:17:00.233 INFO  script - stderr for script archivebuckets will be added to search.log
03-25-2020 22:17:00.233 INFO  DispatchThread - BatchMode: allowBatchMode: 0, conf(1): 1, timeline/Status buckets(0):0, realtime(0):0, report pipe empty(0):1, reqTimeOrder(0):0, summarize(0):0, statefulStreaming(0):1
03-25-2020 22:17:00.233 INFO  DispatchThread - Setup timeliner partialCommits=0
03-25-2020 22:17:00.233 INFO  DispatchThread - Disabling usage of summaries for non-reporting search
03-25-2020 22:17:00.233 INFO  DispatchThread - required fields list to add to remote search = *,_bkt,_cd,_si,host,index,linecount,source,sourcetype,splunk_server
03-25-2020 22:17:00.233 INFO  DispatchCommandProcessor - summaryHash=NS3d9d854163f8f07a summaryId=D3EF2C1D-BF4D-4D80-BAF3-75A79C4403BD_splunk_archiver_nobody_NS3d9d854163f8f07a remoteSearch=
03-25-2020 22:17:00.234 INFO  SearchParser - PARSING: | archivebuckets
03-25-2020 22:17:00.235 INFO  script - found script file=/home/splunker/splunk/etc/apps/splunk_archiver/bin/archivebuckets.py
03-25-2020 22:17:00.235 INFO  script - stderr for script archivebuckets will be added to search.log
03-25-2020 22:17:00.235 INFO  AstOptimizer - SrchOptMetrics optimize_toJson=0.000153899
03-25-2020 22:17:00.235 INFO  SearchParser - PARSING: | archivebuckets
03-25-2020 22:17:00.235 INFO  ProjElim - Black listed processors=[addinfo]
03-25-2020 22:17:00.243 INFO  AstOptimizer - SrchOptMetrics optimization=0.007852482
03-25-2020 22:17:00.243 INFO  SearchPhaseGenerator - Optimized Search =| archivebuckets
03-25-2020 22:17:00.243 INFO  PhaseToPipelineVisitor - Phase Search = | archivebuckets
03-25-2020 22:17:00.243 INFO  SearchParser - PARSING: | archivebuckets
03-25-2020 22:17:00.243 INFO  script - found script file=/home/splunker/splunk/etc/apps/splunk_archiver/bin/archivebuckets.py
03-25-2020 22:17:00.243 INFO  script - stderr for script archivebuckets will be added to search.log
03-25-2020 22:17:00.243 INFO  SearchPipeline - ReportSearch=0 AllowBatchMode=0
03-25-2020 22:17:00.243 INFO  SearchPhaseGenerator - No need for RTWindowProcessor
03-25-2020 22:17:00.243 INFO  SearchPhaseGenerator - Adding timeliner to final phase
03-25-2020 22:17:00.243 INFO  SearchParser - PARSING: timeliner remote=0 partial_commits=0 max_events_per_bucket=500000 fieldstats_update_maxperiod=60 bucket=0
03-25-2020 22:17:00.244 INFO  TimelineCreator - Creating timeline with remote=0 partialCommits=0 commitFreq=0 syncKSFreq=0 maxSyncKSPeriodTime=60000 bucket=0 latestTime=1585192620.000000 earliestTime=2147483647.000000
03-25-2020 22:17:00.244 INFO  SearchPhaseGenerator - required fields list to add to different pipelines = *,_bkt,_cd,_si,host,index,linecount,source,sourcetype,splunk_server
03-25-2020 22:17:00.244 INFO  SearchPhaseGenerator - Search Phases created.
03-25-2020 22:17:00.245 INFO  UserManager - Setting user context: splunk-system-user
03-25-2020 22:17:00.245 INFO  UserManager - Done setting user context: splunk-system-user -> splunk-system-user
03-25-2020 22:17:00.245 INFO  UserManager - Unwound user context: splunk-system-user -> splunk-system-user
03-25-2020 22:17:00.245 INFO  DistributedSearchResultCollectionManager - Stream search: 
03-25-2020 22:17:00.246 INFO  SearchParser - PARSING: | streamnoop
03-25-2020 22:17:00.246 INFO  SearchParser - PARSING: streamnoop  | archivebuckets  | timeliner remote=0 partial_commits=0 max_events_per_bucket=500000 fieldstats_update_maxperiod=60 bucket=0
03-25-2020 22:17:00.246 INFO  UserManager - Setting user context: splunk-system-user
03-25-2020 22:17:00.246 INFO  UserManager - Setting user context: splunk-system-user
03-25-2020 22:17:00.246 INFO  UserManager - Done setting user context: NULL -> splunk-system-user
03-25-2020 22:17:00.246 INFO  UserManager - Setting user context: splunk-system-user
03-25-2020 22:17:00.246 INFO  UserManager - Done setting user context: NULL -> splunk-system-user
03-25-2020 22:17:00.246 INFO  UserManager - Setting user context: splunk-system-user
03-25-2020 22:17:00.246 INFO  UserManager - Done setting user context: NULL -> splunk-system-user
03-25-2020 22:17:00.246 INFO  UserManager - Setting user context: splunk-system-user
03-25-2020 22:17:00.247 INFO  UserManager - Done setting user context: NULL -> splunk-system-user
03-25-2020 22:17:00.246 INFO  UserManager - Done setting user context: NULL -> splunk-system-user
03-25-2020 22:17:00.247 INFO  script - found script file=/home/splunker/splunk/etc/apps/splunk_archiver/bin/archivebuckets.py
03-25-2020 22:17:00.247 INFO  script - stderr for script archivebuckets will be added to search.log
03-25-2020 22:17:00.247 INFO  TimelineCreator - Creating timeline with remote=0 partialCommits=0 commitFreq=0 syncKSFreq=0 maxSyncKSPeriodTime=60000 bucket=0 latestTime=1585192620.000000 earliestTime=2147483647.000000
03-25-2020 22:17:00.248 INFO  SearchOrchestrator - Starting the status control thread.
03-25-2020 22:17:00.248 INFO  SearchOrchestrator - Starting phase=1
03-25-2020 22:17:00.248 INFO  UserManager - Setting user context: splunk-system-user
03-25-2020 22:17:00.248 INFO  UserManager - Done setting user context: NULL -> splunk-system-user
03-25-2020 22:17:00.248 INFO  UserManager - Setting user context: splunk-system-user
03-25-2020 22:17:00.248 INFO  SearchStatusEnforcer - Enforcing disk quota = 10485760000
03-25-2020 22:17:00.248 INFO  UserManager - Done setting user context: NULL -> splunk-system-user
03-25-2020 22:17:00.248 INFO  ReducePhaseExecutor - Stating phase_1
03-25-2020 22:17:00.248 INFO  PreviewExecutor - Preview Enforcing initialization done
03-25-2020 22:17:02.554 WARN  ScriptRunner - Killing script, probably timed out, grace=0sec, script="/home/splunker/splunk/bin/python /home/splunker/splunk/etc/apps/splunk_archiver/bin/archivebuckets.py"
03-25-2020 22:17:02.560 INFO  ProxyConfig - Failed to initialize http_proxy from server.conf for splunkd. Please make sure that the http_proxy property is set as http_proxy=http://host:port in case HTTP proxying needs to be enabled.
03-25-2020 22:17:02.560 INFO  ProxyConfig - Failed to initialize https_proxy from server.conf for splunkd. Please make sure that the https_proxy property is set as https_proxy=http://host:port in case HTTP proxying needs to be enabled.
03-25-2020 22:17:02.560 INFO  ProxyConfig - Failed to initialize the no_proxy setting from server.conf for splunkd. Please provide a valid set of no_proxy rules in case HTTP proxying needs to be enabled.
03-25-2020 22:17:02.578 INFO  SearchStatusEnforcer - Triggered listener notification on state onResults
03-25-2020 22:17:02.579 INFO  ReducePhaseExecutor - Ending phase_1
03-25-2020 22:17:02.579 INFO  UserManager - Unwound user context: splunk-system-user -> NULL
03-25-2020 22:17:02.580 INFO  DispatchManager - DispatchManager::dispatchHasFinished(id='scheduler__nobody_c3BsdW5rX2FyY2hpdmVy__RMD5473cbac83d6c9db7_at_1585192620_719', username='splunk-system-user')
03-25-2020 22:17:02.580 INFO  UserManager - Unwound user context: splunk-system-user -> NULL
03-25-2020 22:17:02.582 INFO  UserManager - Unwound user context: splunk-system-user -> NULL
03-25-2020 22:17:02.582 INFO  UserManager - Unwound user context: splunk-system-user -> NULL
03-25-2020 22:17:02.582 INFO  UserManager - Unwound user context: splunk-system-user -> NULL
03-25-2020 22:17:02.582 INFO  UserManager - Unwound user context: splunk-system-user -> NULL
03-25-2020 22:17:02.582 INFO  UserManager - Unwound user context: splunk-system-user -> NULL
03-25-2020 22:17:02.582 INFO  UserManager - Unwound user context: splunk-system-user -> NULL
03-25-2020 22:17:02.583 INFO  UserManager - Unwound user context: splunk-system-user -> NULL
