03-25-2020 22:33:01.425 INFO  dispatchRunner - Search process mode: preforked (first search in process) (build 8f0ead9ec3db).
03-25-2020 22:33:01.425 INFO  dispatchRunner - initing LicenseMgr in search process: nonPro=0
03-25-2020 22:33:01.426 INFO  LicenseMgr - Initing LicenseMgr
03-25-2020 22:33:01.426 INFO  LMConfig - serverName=usrlsplunkmstidx guid=D3EF2C1D-BF4D-4D80-BAF3-75A79C4403BD
03-25-2020 22:33:01.428 INFO  LMConfig - connection_timeout=30
03-25-2020 22:33:01.428 INFO  LMConfig - send_timeout=30
03-25-2020 22:33:01.428 INFO  LMConfig - receive_timeout=30
03-25-2020 22:33:01.428 INFO  LMConfig - squash_threshold=2000
03-25-2020 22:33:01.428 INFO  LMConfig - strict_pool_quota=1
03-25-2020 22:33:01.428 INFO  LMConfig - key=pool_suggestion not found in licenser stanza of server.conf, defaulting=''
03-25-2020 22:33:01.428 INFO  LMConfig - key=test_aws_metering not found in licenser stanza of server.conf, defaulting=0
03-25-2020 22:33:01.428 INFO  LMConfig - key=test_aws_product_code not found in licenser stanza of server.conf, defaulting=0
03-25-2020 22:33:01.428 INFO  LicenseMgr - Initing LicenseMgr runContext_splunkd=false
03-25-2020 22:33:01.428 INFO  LMStackMgr - closing stack mgr
03-25-2020 22:33:01.428 INFO  LMSlaveInfo - all slaves cleared
03-25-2020 22:33:01.428 INFO  LMStackMgr - partial init only since node has remote master=https://10.5.35.170:8089
03-25-2020 22:33:01.428 INFO  LicenseMgr - StackMgr init complete...
03-25-2020 22:33:01.428 INFO  LMTracker - Setting default product type='enterprise'
03-25-2020 22:33:01.428 INFO  LMTracker - this is not splunkd, will perform partial init
03-25-2020 22:33:01.428 INFO  LMTracker - Setting feature=Acceleration state=ENABLED (featureStatus=1)
03-25-2020 22:33:01.428 INFO  LMTracker - Setting feature=AdvancedSearchCommands state=ENABLED (featureStatus=1)
03-25-2020 22:33:01.428 INFO  LMTracker - Setting feature=AdvancedXML state=ENABLED (featureStatus=1)
03-25-2020 22:33:01.428 INFO  LMTracker - Setting feature=Alerting state=ENABLED (featureStatus=1)
03-25-2020 22:33:01.428 INFO  LMTracker - Setting feature=ArchiveToHdfs state=ENABLED (featureStatus=1)
03-25-2020 22:33:01.428 INFO  LMTracker - Setting feature=Auth state=ENABLED (featureStatus=1)
03-25-2020 22:33:01.428 INFO  LMTracker - Setting feature=CustomRoles state=ENABLED (featureStatus=1)
03-25-2020 22:33:01.428 INFO  LMTracker - Setting feature=DeployClient state=ENABLED (featureStatus=1)
03-25-2020 22:33:01.428 INFO  LMTracker - Setting feature=DeployServer state=ENABLED (featureStatus=1)
03-25-2020 22:33:01.429 INFO  LMTracker - Setting feature=DistSearch state=ENABLED (featureStatus=1)
03-25-2020 22:33:01.429 INFO  LMTracker - Setting feature=FwdData state=ENABLED (featureStatus=1)
03-25-2020 22:33:01.429 INFO  LMTracker - Setting feature=GuestPass state=ENABLED (featureStatus=1)
03-25-2020 22:33:01.429 INFO  LMTracker - Setting feature=KVStore state=ENABLED (featureStatus=1)
03-25-2020 22:33:01.429 INFO  LMTracker - Setting feature=LDAPAuth state=ENABLED (featureStatus=1)
03-25-2020 22:33:01.429 INFO  LMTracker - Setting feature=LocalSearch state=ENABLED (featureStatus=1)
03-25-2020 22:33:01.429 INFO  LMTracker - Setting feature=MultifactorAuth state=ENABLED (featureStatus=1)
03-25-2020 22:33:01.429 INFO  LMTracker - Setting feature=MultisiteClustering state=ENABLED (featureStatus=1)
03-25-2020 22:33:01.429 INFO  LMTracker - Setting feature=NontableLookups state=ENABLED (featureStatus=1)
03-25-2020 22:33:01.429 INFO  LMTracker - Setting feature=RcvData state=ENABLED (featureStatus=1)
03-25-2020 22:33:01.429 INFO  LMTracker - Setting feature=RcvSearch state=ENABLED (featureStatus=1)
03-25-2020 22:33:01.429 INFO  LMTracker - Setting feature=RollingWindowAlerts state=ENABLED (featureStatus=1)
03-25-2020 22:33:01.429 INFO  LMTracker - Setting feature=SAMLAuth state=ENABLED (featureStatus=1)
03-25-2020 22:33:01.429 INFO  LMTracker - Setting feature=ScheduledAlerts state=ENABLED (featureStatus=1)
03-25-2020 22:33:01.429 INFO  LMTracker - Setting feature=ScheduledReports state=ENABLED (featureStatus=1)
03-25-2020 22:33:01.429 INFO  LMTracker - Setting feature=ScheduledSearch state=ENABLED (featureStatus=1)
03-25-2020 22:33:01.429 INFO  LMTracker - Setting feature=ScriptedAuth state=ENABLED (featureStatus=1)
03-25-2020 22:33:01.429 INFO  LMTracker - Setting feature=SearchheadPooling state=ENABLED (featureStatus=1)
03-25-2020 22:33:01.429 INFO  LMTracker - Setting feature=SigningProcessor state=ENABLED (featureStatus=1)
03-25-2020 22:33:01.429 INFO  LMTracker - Setting feature=SplunkWeb state=ENABLED (featureStatus=1)
03-25-2020 22:33:01.429 INFO  LMTracker - Setting feature=SubgroupId state=ENABLED (featureStatus=1)
03-25-2020 22:33:01.429 INFO  LMTracker - Setting feature=SyslogOutputProcessor state=ENABLED (featureStatus=1)
03-25-2020 22:33:01.429 INFO  LMTracker - Setting feature=UnisiteClustering state=ENABLED (featureStatus=1)
03-25-2020 22:33:01.429 INFO  LicenseMgr - Tracker init complete...
03-25-2020 22:33:01.433 INFO  AdminManagerDispatch - added factory for admin handler: 'licenses'
03-25-2020 22:33:01.433 INFO  AdminManagerDispatch - added factory for admin handler: 'pools'
03-25-2020 22:33:01.433 INFO  AdminManagerDispatch - added factory for admin handler: 'stacks'
03-25-2020 22:33:01.433 INFO  AdminManagerDispatch - added factory for admin handler: 'groups'
03-25-2020 22:33:01.433 INFO  AdminManagerDispatch - added factory for admin handler: 'slaves'
03-25-2020 22:33:01.433 INFO  AdminManagerDispatch - added factory for admin handler: 'localslave'
03-25-2020 22:33:01.433 INFO  AdminManagerDispatch - added factory for admin handler: 'licensermessages'
03-25-2020 22:33:01.433 INFO  AdminManagerDispatch - added factory for admin handler: 'scriptedwarning'
03-25-2020 22:33:01.433 INFO  AdminManagerDispatch - added factory for admin handler: 'licenseusage'
03-25-2020 22:33:01.434 INFO  dispatchRunner - registering build time modules, count=1
03-25-2020 22:33:01.434 INFO  dispatchRunner - registering search time components of build time module name=vix
03-25-2020 22:33:01.434 INFO  dispatchRunner - Getting search configuration data from: /home/splunker/splunk/etc/modules/parsing/config.xml
03-25-2020 22:33:01.451 INFO  BundlesSetup - Setup stats for /home/splunker/splunk/var/run/searchpeers/usrlsplunk002.global.baxter.com-1584894000: wallclock_elapsed_msec=28, cpu_time_used=0.028016, shared_services_generation=2, shared_services_population=1
03-25-2020 22:33:01.460 WARN  AuthorizationManager - Importing the role(s)=alert_manager_user creates a cycle in role inheritance for role=user
03-25-2020 22:33:01.461 INFO  UserManagerPro - Load authentication: forcing roles="admin, alert_manager_user, power, splunk-system-role, user"
03-25-2020 22:33:01.463 INFO  UserManager - Setting user context: splunk-system-user
03-25-2020 22:33:01.463 INFO  UserManager - Done setting user context: NULL -> splunk-system-user
03-25-2020 22:33:01.464 INFO  dispatchRunner - search context: user="splunk-system-user", app="splunk_monitoring_console", bs-pathname="/home/splunker/splunk/var/run/searchpeers/usrlsplunk002.global.baxter.com-1584894000"
03-25-2020 22:33:01.468 INFO  dispatchRunner - Serial search pipeline for streaming search being launched.
03-25-2020 22:33:01.469 INFO  SearchPipelineExecutor - Number of Search Result Work Unit Executor pipelines launched=1
03-25-2020 22:33:01.469 INFO  SearchPipelineExecutor - Number of StreamSearch pipelines launched=1
03-25-2020 22:33:01.469 INFO  SearchPipelineExecutor - Starting to transmit serialized search results.
03-25-2020 22:33:01.469 INFO  SearchPipelineExecutor - StreamSearch pipeline=0 is started in its own thread
03-25-2020 22:33:01.469 INFO  UserManager - Setting user context: splunk-system-user
03-25-2020 22:33:01.469 INFO  SearchPipelineExecutor - NormSerializeExecutorThread pipeline=0 is started in its own thread.
03-25-2020 22:33:01.469 INFO  UserManager - Done setting user context: NULL -> splunk-system-user
03-25-2020 22:33:01.469 INFO  SearchParser - PARSING: prerest  splunk_server_group="dmc_group_*" timeout=60 "/services/server/status/partitions-space?count=0"
03-25-2020 22:33:01.470 INFO  SearchOperator:rest - built uri=/services/server/status/partitions-space?count=0, server=https://127.0.0.1:8089
03-25-2020 22:33:01.470 INFO  SearchOperator:rest - in RestProcessor::execute
03-25-2020 22:33:01.470 INFO  ProxyConfig - Failed to initialize http_proxy from server.conf for splunkd. Please make sure that the http_proxy property is set as http_proxy=http://host:port in case HTTP proxying needs to be enabled.
03-25-2020 22:33:01.470 INFO  ProxyConfig - Failed to initialize https_proxy from server.conf for splunkd. Please make sure that the https_proxy property is set as https_proxy=http://host:port in case HTTP proxying needs to be enabled.
03-25-2020 22:33:01.470 INFO  ProxyConfig - Failed to initialize the no_proxy setting from server.conf for splunkd. Please provide a valid set of no_proxy rules in case HTTP proxying needs to be enabled.
03-25-2020 22:33:01.482 INFO  SearchPipelineExecutor - Finished streaming: results.count=1
03-25-2020 22:33:01.482 INFO  UserManager - Unwound user context: splunk-system-user -> NULL
03-25-2020 22:33:01.482 INFO  SearchPipelineExecutor - StreamSearch pipleine=0 is finished.
03-25-2020 22:33:01.483 INFO  SearchPipelineExecutor - NormSerializeExecutorThread pipeline=0 is finished.
03-25-2020 22:33:01.483 INFO  SearchPipelineExecutor - Done transmitting serialized search results, total bytes transmitted 7142.
03-25-2020 22:33:01.483 INFO  dispatchRunner - Done with streaming search.
03-25-2020 22:33:01.483 INFO  SearchPipelineExecutor - Streamed Search Index Orchestrator has been shutdown.
03-25-2020 22:33:01.484 INFO  UserManager - Unwound user context: splunk-system-user -> NULL
