25/Mar/2020:22:40:18: INFO The full set of options was: {'collect': None, 'auth_on_stdin': None, 'diagname': None, 'enable': None, 'log_filesize_limit': 1073741824, 'exclude_list': ['*/etc/*/lookups/*.tsidx', '*/etc/auth/*', '*/etc/system/replication/ops.json'], 'simple_searchfilters': {'pii': '\\b[-_\\d]{2,}\\d{3,}[-_]\\d{3,}[-_\\d]{2,}\\b', 'socsec': '\\b\\d{3}[-. ]\\d{2}[-. ]\\d{4}\\b'}, 'upload_user': None, 'upload_uri': 'https://api.splunk.com', 'log_age': 60, 'case_number': 1690797, 'stdout': None, 'nologin': None, 'upload_description': None, 'uri': None, 'statusfile': None, 'include_lookups': None, 'upload_file': None, 'index_listing': 'light', 'luhn_searchfilters': {'paycard': '\\b(?:\\d{4}[- ]){3}\\d{3,4}\\b', 'bignum': '\\b(?:\\d{13,})\\b'}, 'firstchunk': None, 'components': set(['dispatch', 'conf_replication_summary', 'log', 'index_files', 'file_validate', 'etc', 'index_listing', 'consensus', 'searchpeers', 'kvstore', 'pool']), 'index_files': 'manifests', 'etc_filesize_limit': 10485760, 'debug': None, 'disable': None, 'filtersearches': True, 'default_lookup_includes': {'/home/splunker/splunk/etc/apps/splunk_monitoring_console': ['assets.csv', 'dmc_forwarder_assets.csv']}, 'upload_password': None, 'all_dumps': None, 'upload': True}
25/Mar/2020:22:40:18: INFO The set of requested components was: ['conf_replication_summary', 'consensus', 'dispatch', 'etc', 'file_validate', 'index_files', 'index_listing', 'kvstore', 'log', 'pool', 'searchpeers']
25/Mar/2020:22:40:18: INFO Collecting components: conf_replication_summary, consensus, dispatch, etc, file_validate, index_files, index_listing, kvstore, log, pool, searchpeers
25/Mar/2020:22:40:18: INFO Skipping components: rest
25/Mar/2020:22:41:00: INFO Enter a short (~3000 chars or less) description of the diag/file being uploaded.
25/Mar/2020:22:41:00: INFO Ex:  diag from staging search head a few hours after the problem happened.
25/Mar/2020:22:41:00: INFO or.. comparison diag from indexer where the problem does not seem to occur
25/Mar/2020:22:41:00: INFO 
25/Mar/2020:22:41:00: INFO Press enter twice to finish; use a - or similar for vertical space.
25/Mar/2020:22:41:51: INFO Selected diag name of: diag-usrlsplunkmstidx-2020-03-25_22-41-51
25/Mar/2020:22:41:51: INFO Starting splunk diag...
25/Mar/2020:22:41:51: INFO Logged search filtering is enabled.
25/Mar/2020:22:41:51: INFO Skipping REST endpoint gathering...
25/Mar/2020:22:41:51: INFO Determining diag-launching user...
25/Mar/2020:22:41:51: INFO Getting version info...
25/Mar/2020:22:41:51: INFO Getting system version info...
25/Mar/2020:22:41:51: INFO Getting file integrity info...
25/Mar/2020:22:41:55: INFO Getting network interface config info...
25/Mar/2020:22:41:55: INFO Getting splunk processes info...
25/Mar/2020:22:41:55: INFO Getting netstat output...
25/Mar/2020:22:41:55: INFO Getting info about memory, ulimits, cpu (on windows this takes a while)...
25/Mar/2020:22:41:55: INFO Getting etc/auth filenames...
25/Mar/2020:22:41:55: INFO Getting Sinkhole filenames...
25/Mar/2020:22:41:56: INFO Getting search peer bundles listings...
25/Mar/2020:22:41:56: INFO Getting conf replication summary listings...
25/Mar/2020:22:41:56: INFO Getting KV Store listings...
25/Mar/2020:22:41:56: INFO Getting index listings...
25/Mar/2020:22:41:56: INFO Copying Splunk configuration files...
25/Mar/2020:22:41:59: INFO filtered out file '/home/splunker/splunk/etc/apps/splunk_archiver/java-bin/jars/thirdparty/hive_1_2/hive-exec-1.2.1.jar'  limit: 10485760  size: 20599029
25/Mar/2020:22:41:59: INFO filtered out file '/home/splunker/splunk/etc/apps/splunk_archiver/java-bin/jars/thirdparty/aws/aws-java-sdk-1.10.8.jar'  limit: 10485760  size: 21006573
25/Mar/2020:22:42:04: INFO The following certificates were excluded from the diag output automatically.
25/Mar/2020:22:42:04: INFO 	/home/splunker/splunk/etc/apps/framework/contrib/requests/requests/cacert.pem
25/Mar/2020:22:42:04: INFO 	/home/splunker/splunk/etc/auth/ca.pem
25/Mar/2020:22:42:04: INFO 	/home/splunker/splunk/etc/auth/cacert.pem
25/Mar/2020:22:42:04: INFO 	/home/splunker/splunk/etc/auth/server.pem
25/Mar/2020:22:42:04: INFO 	/home/splunker/splunk/etc/auth/appsLicenseCA.pem
25/Mar/2020:22:42:04: INFO 	/home/splunker/splunk/etc/auth/cloudCA.pem
25/Mar/2020:22:42:04: INFO 	/home/splunker/splunk/etc/auth/appsCA.pem
25/Mar/2020:22:42:04: INFO 	/home/splunker/splunk/etc/auth/splunkweb/cert.pem
25/Mar/2020:22:42:04: INFO 	/home/splunker/splunk/etc/auth/splunkweb/privkey.pem
25/Mar/2020:22:42:04: INFO 	/home/splunker/splunk/etc/auth/audit/private.pem
25/Mar/2020:22:42:04: INFO 	/home/splunker/splunk/etc/auth/audit/public.pem
25/Mar/2020:22:42:04: INFO 	/home/splunker/splunk/etc/auth/distServerKeys/private.pem
25/Mar/2020:22:42:04: INFO 	/home/splunker/splunk/etc/auth/distServerKeys/trusted.pem
25/Mar/2020:22:42:04: INFO 	/home/splunker/splunk/etc/auth/distServerKeys/usrlsplunk002.global.baxter.com/trusted.pem
25/Mar/2020:22:42:04: INFO 	/home/splunker/splunk/etc/auth/idpCerts/idpCert.pem
25/Mar/2020:22:42:04: INFO 	/home/splunker/splunk/etc/master-apps/TA-Zscaler_CIM/bin/ta_zscaler_cim/requests/cacert.pem
25/Mar/2020:22:42:04: INFO If you have any certs that were not auto-detected, please add them to an EXCLUDE rule in the [diag] stanza of server.conf.
25/Mar/2020:22:42:04: INFO Copying Splunk log files...
25/Mar/2020:22:42:07: INFO While filtering log/remote_searches.log, no rules found hits.
25/Mar/2020:22:42:10: INFO While filtering log/audit.log.5, no rules found hits.
25/Mar/2020:22:42:11: INFO While filtering log/audit.log.4, no rules found hits.
25/Mar/2020:22:42:11: INFO While filtering log/audit.log, no rules found hits.
25/Mar/2020:22:42:18: INFO While filtering log/remote_searches.log.1, no rules found hits.
25/Mar/2020:22:42:21: INFO While filtering log/audit.log.3, no rules found hits.
25/Mar/2020:22:42:22: INFO While filtering log/audit.log.2, no rules found hits.
25/Mar/2020:22:42:23: INFO While filtering log/audit.log.1, no rules found hits.
25/Mar/2020:22:42:30: INFO Copying Search Pool files...
25/Mar/2020:22:42:30: INFO Copying bucket info files...
25/Mar/2020:22:42:30: INFO Copying Splunk dispatch files...
25/Mar/2020:22:42:30: INFO Copying Splunk consensus files...
25/Mar/2020:22:42:30: INFO Adding manifest files...
diag.log complete
