2017-03-01 15:01:53.338 -0600 splunkd started (build f74036626f0c)
2017-03-01 15:14:19.244 -0600 splunkd started (build f74036626f0c)
Conf mutator lockfile has disappeared; error condition possible.
2017-03-01 15:22:21.472 -0600 splunkd started (build f74036626f0c)
Conf mutator lockfile has disappeared; error condition possible.
2017-03-01 15:22:49.609 -0600 splunkd started (build f74036626f0c)
2017-04-24 15:08:14.120 -0500 Interrupt signal received
2017-04-24 15:09:14.477 -0500 splunkd started (build f74036626f0c)
2017-07-25 09:15:37.123 -0500 Interrupt signal received
2017-07-25 09:19:33.617 -0500 splunkd started (build 4b804538c686)
2017-07-25 12:42:28.121 -0500 Interrupt signal received
2017-07-25 12:42:44.572 -0500 splunkd started (build 4b804538c686)
Conf mutator lockfile has disappeared; error condition possible.
2017-07-26 08:48:39.593 -0500 splunkd started (build 4b804538c686)
2017-07-26 16:32:30.530 -0500 Interrupt signal received
2017-07-26 16:32:46.998 -0500 splunkd started (build 4b804538c686)
Conf mutator lockfile has disappeared; error condition possible.


Bypassing local license checks since this instance is configured with a remote license master.

2017-07-27 08:16:19.422 -0500 splunkd started (build 4b804538c686)
2017-07-27 15:30:35.610 -0500 Interrupt signal received
2017-07-27 15:30:51.069 -0500 splunkd started (build 4b804538c686)
2017-08-23 10:40:41.043 -0500 Interrupt signal received
2017-08-23 10:40:58.654 -0500 splunkd started (build 4b804538c686)
2017-08-23 13:35:30.974 -0500 Interrupt signal received
2017-08-23 13:35:47.527 -0500 splunkd started (build 4b804538c686)
2017-08-23 13:38:21.876 -0500 Interrupt signal received
2017-08-23 13:40:12.341 -0500 splunkd started (build 4b804538c686)
2017-08-23 13:51:01.605 -0500 Interrupt signal received
2017-08-23 13:51:43.112 -0500 splunkd started (build 4b804538c686)
Dying on signal #15 (si_code=0), sent by PID 1 (UID 0)
2017-08-23 15:54:41.168 -0500 splunkd started (build 4b804538c686)
Conf mutator lockfile has disappeared; error condition possible.


Bypassing local license checks since this instance is configured with a remote license master.

		Your indexes and inputs configurations are not internally consistent. For more information, run 'splunk btool check --debug'
2017-10-18 13:12:56.081 -0500 splunkd started (build 4b804538c686)
Conf mutator lockfile has disappeared; error condition possible.


Bypassing local license checks since this instance is configured with a remote license master.

		Your indexes and inputs configurations are not internally consistent. For more information, run 'splunk btool check --debug'
2017-11-30 09:08:57.428 -0600 splunkd started (build 4b804538c686)
Conf mutator lockfile has disappeared; error condition possible.


Bypassing local license checks since this instance is configured with a remote license master.

		Your indexes and inputs configurations are not internally consistent. For more information, run 'splunk btool check --debug'
2017-12-03 14:44:27.075 -0600 splunkd started (build 4b804538c686)
Conf mutator lockfile has disappeared; error condition possible.


Bypassing local license checks since this instance is configured with a remote license master.

		Your indexes and inputs configurations are not internally consistent. For more information, run 'splunk btool check --debug'
2017-12-05 03:31:47.185 -0600 splunkd started (build 4b804538c686)
Conf mutator lockfile has disappeared; error condition possible.


Bypassing local license checks since this instance is configured with a remote license master.

		Your indexes and inputs configurations are not internally consistent. For more information, run 'splunk btool check --debug'
2018-01-28 07:52:41.376 -0600 splunkd started (build 4b804538c686)
2018-02-03 08:20:47.681 -0600 Interrupt signal received
2018-02-03 08:21:37.832 -0600 splunkd started (build 4b804538c686)
Conf mutator lockfile has disappeared; error condition possible.


Bypassing local license checks since this instance is configured with a remote license master.

		Your indexes and inputs configurations are not internally consistent. For more information, run 'splunk btool check --debug'
2018-02-03 10:43:32.553 -0600 splunkd started (build 4b804538c686)
Conf mutator lockfile has disappeared; error condition possible.


Bypassing local license checks since this instance is configured with a remote license master.

		Your indexes and inputs configurations are not internally consistent. For more information, run 'splunk btool check --debug'
2018-02-03 17:40:49.026 -0600 splunkd started (build 4b804538c686)
2018-02-06 10:15:36.829 -0600 Interrupt signal received
2018-02-06 10:16:17.269 -0600 splunkd started (build 4b804538c686)
2018-02-06 10:30:09.580 -0600 Interrupt signal received
2018-02-06 10:30:30.206 -0600 splunkd started (build 4b804538c686)
2018-02-09 10:11:31.271 -0600 Interrupt signal received
2018-02-09 10:11:51.420 -0600 splunkd started (build 4b804538c686)
2018-02-09 10:25:33.792 -0600 Interrupt signal received
2018-02-09 10:25:57.002 -0600 splunkd started (build 4b804538c686)
2018-02-12 13:51:08.347 -0600 Interrupt signal received
2018-02-12 13:51:31.483 -0600 splunkd started (build 4b804538c686)
2018-03-19 17:11:32.623 -0500 Interrupt signal received
2018-03-19 17:11:57.494 -0500 splunkd started (build 4b804538c686)
2018-03-20 07:13:41.430 -0500 Interrupt signal received
2018-03-20 07:14:09.322 -0500 splunkd started (build 4b804538c686)
2018-04-11 03:58:30.309 -0500 Interrupt signal received
2018-04-11 03:58:54.471 -0500 splunkd started (build 4b804538c686)
Conf mutator lockfile has disappeared; error condition possible.


Bypassing local license checks since this instance is configured with a remote license master.

		Your indexes and inputs configurations are not internally consistent. For more information, run 'splunk btool check --debug'
2018-05-12 21:38:55.965 -0500 splunkd started (build 4b804538c686)
Conf mutator lockfile has disappeared; error condition possible.


Bypassing local license checks since this instance is configured with a remote license master.

		Your indexes and inputs configurations are not internally consistent. For more information, run 'splunk btool check --debug'
2018-05-13 08:06:00.513 -0500 splunkd started (build 4b804538c686)
Conf mutator lockfile has disappeared; error condition possible.


Bypassing local license checks since this instance is configured with a remote license master.

		Your indexes and inputs configurations are not internally consistent. For more information, run 'splunk btool check --debug'
2018-05-13 09:10:24.349 -0500 splunkd started (build 4b804538c686)
Conf mutator lockfile has disappeared; error condition possible.


Bypassing local license checks since this instance is configured with a remote license master.

		Your indexes and inputs configurations are not internally consistent. For more information, run 'splunk btool check --debug'
2018-05-13 11:21:14.128 -0500 splunkd started (build 4b804538c686)
Dying on signal #15 (si_code=0), sent by PID 1 (UID 0)
2018-05-13 22:05:24.885 -0500 splunkd started (build 4b804538c686)
Conf mutator lockfile has disappeared; error condition possible.


Bypassing local license checks since this instance is configured with a remote license master.

		Your indexes and inputs configurations are not internally consistent. For more information, run 'splunk btool check --debug'
2018-05-19 07:23:02.038 -0500 splunkd started (build 4b804538c686)
Conf mutator lockfile has disappeared; error condition possible.


Bypassing local license checks since this instance is configured with a remote license master.

		Your indexes and inputs configurations are not internally consistent. For more information, run 'splunk btool check --debug'
2018-05-20 00:21:42.508 -0500 splunkd started (build 4b804538c686)
Conf mutator lockfile has disappeared; error condition possible.


Bypassing local license checks since this instance is configured with a remote license master.

		Your indexes and inputs configurations are not internally consistent. For more information, run 'splunk btool check --debug'
2018-05-20 00:51:02.371 -0500 splunkd started (build 4b804538c686)
Conf mutator lockfile has disappeared; error condition possible.


Bypassing local license checks since this instance is configured with a remote license master.

		Your indexes and inputs configurations are not internally consistent. For more information, run 'splunk btool check --debug'
2018-05-20 08:43:06.914 -0500 splunkd started (build 4b804538c686)
Conf mutator lockfile has disappeared; error condition possible.


Bypassing local license checks since this instance is configured with a remote license master.

		Your indexes and inputs configurations are not internally consistent. For more information, run 'splunk btool check --debug'
2018-05-20 11:36:56.116 -0500 splunkd started (build 4b804538c686)
2018-05-21 13:12:11.259 -0500 Interrupt signal received
2018-05-21 13:12:32.425 -0500 splunkd started (build 4b804538c686)
Dying on signal #15 (si_code=0), sent by PID 1 (UID 0)
2018-05-22 12:29:09.994 -0500 splunkd started (build 4b804538c686)
2018-06-08 14:41:37.999 -0500 Interrupt signal received
2018-06-08 14:48:57.152 -0500 splunkd started (build 8f0ead9ec3db)
2018-06-16 07:53:30.451 -0500 Interrupt signal received
2018-06-16 07:53:52.403 -0500 splunkd started (build 8f0ead9ec3db)
Conf mutator lockfile has disappeared; error condition possible.


Bypassing local license checks since this instance is configured with a remote license master.

		Your indexes and inputs configurations are not internally consistent. For more information, run 'splunk btool check --debug'
2018-07-02 17:31:22.470 -0500 splunkd started (build 8f0ead9ec3db)
Conf mutator lockfile has disappeared; error condition possible.


Bypassing local license checks since this instance is configured with a remote license master.

		Your indexes and inputs configurations are not internally consistent. For more information, run 'splunk btool check --debug'
2018-08-09 22:39:03.175 -0500 splunkd started (build 8f0ead9ec3db)
Conf mutator lockfile has disappeared; error condition possible.


Bypassing local license checks since this instance is configured with a remote license master.

		Your indexes and inputs configurations are not internally consistent. For more information, run 'splunk btool check --debug'
2018-08-11 09:14:09.868 -0500 splunkd started (build 8f0ead9ec3db)
Conf mutator lockfile has disappeared; error condition possible.


Bypassing local license checks since this instance is configured with a remote license master.

		Your indexes and inputs configurations are not internally consistent. For more information, run 'splunk btool check --debug'
2018-08-11 15:02:42.626 -0500 splunkd started (build 8f0ead9ec3db)
Conf mutator lockfile has disappeared; error condition possible.


Bypassing local license checks since this instance is configured with a remote license master.

		Your indexes and inputs configurations are not internally consistent. For more information, run 'splunk btool check --debug'
2018-08-11 16:05:22.981 -0500 splunkd started (build 8f0ead9ec3db)
Conf mutator lockfile has disappeared; error condition possible.


Bypassing local license checks since this instance is configured with a remote license master.

		Your indexes and inputs configurations are not internally consistent. For more information, run 'splunk btool check --debug'
2018-08-12 07:33:24.269 -0500 splunkd started (build 8f0ead9ec3db)
Conf mutator lockfile has disappeared; error condition possible.


Bypassing local license checks since this instance is configured with a remote license master.

		Your indexes and inputs configurations are not internally consistent. For more information, run 'splunk btool check --debug'
2018-08-12 08:31:50.497 -0500 splunkd started (build 8f0ead9ec3db)
Conf mutator lockfile has disappeared; error condition possible.


Bypassing local license checks since this instance is configured with a remote license master.

		Your indexes and inputs configurations are not internally consistent. For more information, run 'splunk btool check --debug'
2018-08-13 07:13:42.342 -0500 splunkd started (build 8f0ead9ec3db)
Dying on signal #15 (si_code=0), sent by PID 1 (UID 0)
2018-09-23 05:00:32.818 -0500 splunkd started (build 8f0ead9ec3db)
2019-02-02 15:18:53.930 -0600 Interrupt signal received
2019-02-02 15:19:58.313 -0600 splunkd started (build 8f0ead9ec3db)
2019-02-14 14:10:04.031 -0600 Interrupt signal received
2019-02-14 14:11:48.108 -0600 splunkd started (build 8f0ead9ec3db)
2019-02-14 14:12:16.165 -0600 Interrupt signal received
2019-02-14 14:19:22.446 -0600 splunkd started (build 8f0ead9ec3db)
2019-02-14 16:55:32.547 -0600 Interrupt signal received
2019-02-14 16:56:15.379 -0600 splunkd started (build 8f0ead9ec3db)
2019-02-14 21:38:43.112 -0600 Interrupt signal received
2019-02-14 21:39:26.007 -0600 splunkd started (build 8f0ead9ec3db)
2019-02-14 23:17:32.230 -0600 Interrupt signal received
2019-02-14 23:17:56.149 -0600 splunkd started (build 8f0ead9ec3db)
2019-02-15 01:26:14.391 -0600 Interrupt signal received
2019-02-15 01:26:57.212 -0600 splunkd started (build 8f0ead9ec3db)
2019-02-15 07:48:10.268 -0600 Interrupt signal received
2019-02-15 07:48:32.057 -0600 splunkd started (build 8f0ead9ec3db)
2019-02-15 12:11:40.797 -0600 Interrupt signal received
2019-02-15 12:12:23.702 -0600 splunkd started (build 8f0ead9ec3db)
2019-02-15 14:45:10.618 -0600 Interrupt signal received
Fatal thread error: pthread_mutex_lock: Invalid argument; 96 threads active, in CMExecutorWorker-4
2019-02-15 14:47:43.502 -0600 splunkd started (build 8f0ead9ec3db)
2019-02-15 16:52:24.391 -0600 Interrupt signal received
2019-02-15 16:52:47.297 -0600 splunkd started (build 8f0ead9ec3db)
2019-02-19 22:08:45.726 -0600 Interrupt signal received
2019-02-19 22:09:07.514 -0600 splunkd started (build 8f0ead9ec3db)
Conf mutator lockfile has disappeared; error condition possible.


Bypassing local license checks since this instance is configured with a remote license master.

		Your indexes and inputs configurations are not internally consistent. For more information, run 'splunk btool check --debug'
2019-04-18 00:05:44.482 -0500 splunkd started (build 8f0ead9ec3db)
Dying on signal #15 (si_code=0), sent by PID 1 (UID 0)
2019-05-11 06:22:36.296 -0500 splunkd started (build 8f0ead9ec3db)
Conf mutator lockfile has disappeared; error condition possible.


Bypassing local license checks since this instance is configured with a remote license master.

		Your indexes and inputs configurations are not internally consistent. For more information, run 'splunk btool check --debug'
2019-05-20 08:40:38.168 -0500 splunkd started (build 8f0ead9ec3db)
Conf mutator lockfile has disappeared; error condition possible.


Bypassing local license checks since this instance is configured with a remote license master.

		Your indexes and inputs configurations are not internally consistent. For more information, run 'splunk btool check --debug'
2019-05-21 08:54:12.124 -0500 splunkd started (build 8f0ead9ec3db)
Conf mutator lockfile has disappeared; error condition possible.


Bypassing local license checks since this instance is configured with a remote license master.

		Your indexes and inputs configurations are not internally consistent. For more information, run 'splunk btool check --debug'
2019-06-16 22:40:55.581 -0500 splunkd started (build 8f0ead9ec3db)
Conf mutator lockfile has disappeared; error condition possible.


Bypassing local license checks since this instance is configured with a remote license master.

		Your indexes and inputs configurations are not internally consistent. For more information, run 'splunk btool check --debug'
2019-06-16 22:47:14.367 -0500 splunkd started (build 8f0ead9ec3db)
Conf mutator lockfile has disappeared; error condition possible.


Bypassing local license checks since this instance is configured with a remote license master.

		Your indexes and inputs configurations are not internally consistent. For more information, run 'splunk btool check --debug'
2019-07-13 08:33:01.276 -0500 splunkd started (build 8f0ead9ec3db)
2019-08-17 18:58:02.537 -0500 Interrupt signal received
2019-08-17 18:58:48.526 -0500 splunkd started (build 8f0ead9ec3db)
Conf mutator lockfile has disappeared; error condition possible.


Bypassing local license checks since this instance is configured with a remote license master.

		Your indexes and inputs configurations are not internally consistent. For more information, run 'splunk btool check --debug'
2019-10-28 13:26:31.745 -0500 splunkd started (build 8f0ead9ec3db)
Conf mutator lockfile has disappeared; error condition possible.


Bypassing local license checks since this instance is configured with a remote license master.

		Your indexes and inputs configurations are not internally consistent. For more information, run 'splunk btool check --debug'
2019-11-18 16:59:16.738 -0600 splunkd started (build 8f0ead9ec3db)
2019-12-07 10:57:23.447 -0600 Interrupt signal received
2019-12-07 10:58:09.258 -0600 splunkd started (build 8f0ead9ec3db)
2020-03-08 22:47:57.988 -0500 Interrupt signal received
2020-03-08 22:48:45.933 -0500 splunkd started (build 8f0ead9ec3db)
2020-03-15 22:24:35.494 -0500 Interrupt signal received
2020-03-15 22:24:57.322 -0500 splunkd started (build 8f0ead9ec3db)
